<?xml version="1.0" encoding="UTF-8"?>
<testng-results ignored="0" total="5" passed="5" failed="0" skipped="0">
  <reporter-output>
  </reporter-output>
  <suite started-at="2025-02-04T10:55:33 IST" name="flight registration" finished-at="2025-02-04T10:56:29 IST" duration-ms="56622">
    <groups>
      <group name="cucumber">
        <method signature="AbstractTestNGCucumberTests.runScenario(io.cucumber.testng.PickleWrapper,io.cucumber.testng.FeatureWrapper)[pri:0, instance:testrunner.Mainflight@68c9133c]" name="runScenario" class="io.cucumber.testng.AbstractTestNGCucumberTests"/>
      </group> <!-- cucumber -->
    </groups>
    <test started-at="2025-02-04T10:55:33 IST" name="flight registration" finished-at="2025-02-04T10:56:29 IST" duration-ms="56622">
      <class name="testrunner.Mainflight">
        <test-method is-config="true" signature="setUpClass(org.testng.ITestContext)[pri:0, instance:testrunner.Mainflight@68c9133c]" started-at="2025-02-04T10:55:33 IST" name="setUpClass" finished-at="2025-02-04T10:55:33 IST" duration-ms="271" status="PASS">
          <params>
            <param index="0">
              <value>
                <![CDATA[org.testng.TestRunner@3730f716]]>
              </value>
            </param>
          </params>
          <reporter-output>
          </reporter-output>
        </test-method> <!-- setUpClass -->
        <test-method signature="runScenario(io.cucumber.testng.PickleWrapper,io.cucumber.testng.FeatureWrapper)[pri:0, instance:testrunner.Mainflight@68c9133c]" started-at="2025-02-04T10:55:33 IST" name="runScenario" description="Runs Cucumber Scenarios" data-provider="scenarios" finished-at="2025-02-04T10:56:07 IST" duration-ms="33865" status="PASS">
          <params>
            <param index="0">
              <value>
                <![CDATA["Flight reservation login details with credentials"]]>
              </value>
            </param>
            <param index="1">
              <value>
                <![CDATA["Flight reservation"]]>
              </value>
            </param>
          </params>
          <reporter-output>
          </reporter-output>
        </test-method> <!-- runScenario -->
        <test-method signature="runScenario(io.cucumber.testng.PickleWrapper,io.cucumber.testng.FeatureWrapper)[pri:0, instance:testrunner.Mainflight@68c9133c]" started-at="2025-02-04T10:56:07 IST" name="runScenario" description="Runs Cucumber Scenarios" data-provider="scenarios" finished-at="2025-02-04T10:56:15 IST" duration-ms="7671" status="PASS">
          <params>
            <param index="0">
              <value>
                <![CDATA["Flight registration login with invaild credentials"]]>
              </value>
            </param>
            <param index="1">
              <value>
                <![CDATA["Flight reservation"]]>
              </value>
            </param>
          </params>
          <reporter-output>
          </reporter-output>
        </test-method> <!-- runScenario -->
        <test-method signature="runScenario(io.cucumber.testng.PickleWrapper,io.cucumber.testng.FeatureWrapper)[pri:0, instance:testrunner.Mainflight@68c9133c]" started-at="2025-02-04T10:56:15 IST" name="runScenario" description="Runs Cucumber Scenarios" data-provider="scenarios" finished-at="2025-02-04T10:56:21 IST" duration-ms="6376" status="PASS">
          <params>
            <param index="0">
              <value>
                <![CDATA["Flight registration login with invaild credentials"]]>
              </value>
            </param>
            <param index="1">
              <value>
                <![CDATA["Flight reservation"]]>
              </value>
            </param>
          </params>
          <reporter-output>
          </reporter-output>
        </test-method> <!-- runScenario -->
        <test-method signature="runScenario(io.cucumber.testng.PickleWrapper,io.cucumber.testng.FeatureWrapper)[pri:0, instance:testrunner.Mainflight@68c9133c]" started-at="2025-02-04T10:56:21 IST" name="runScenario" description="Runs Cucumber Scenarios" data-provider="scenarios" finished-at="2025-02-04T10:56:26 IST" duration-ms="4834" status="PASS">
          <params>
            <param index="0">
              <value>
                <![CDATA["Flight registration login with invaild credentials"]]>
              </value>
            </param>
            <param index="1">
              <value>
                <![CDATA["Flight reservation"]]>
              </value>
            </param>
          </params>
          <reporter-output>
          </reporter-output>
        </test-method> <!-- runScenario -->
        <test-method signature="runScenario(io.cucumber.testng.PickleWrapper,io.cucumber.testng.FeatureWrapper)[pri:0, instance:testrunner.Mainflight@68c9133c]" started-at="2025-02-04T10:56:26 IST" name="runScenario" description="Runs Cucumber Scenarios" data-provider="scenarios" finished-at="2025-02-04T10:56:29 IST" duration-ms="3521" status="PASS">
          <params>
            <param index="0">
              <value>
                <![CDATA["Flight registration login with invaild credentials"]]>
              </value>
            </param>
            <param index="1">
              <value>
                <![CDATA["Flight reservation"]]>
              </value>
            </param>
          </params>
          <reporter-output>
          </reporter-output>
        </test-method> <!-- runScenario -->
        <test-method is-config="true" signature="tearDownClass()[pri:0, instance:testrunner.Mainflight@68c9133c]" started-at="2025-02-04T10:56:29 IST" name="tearDownClass" finished-at="2025-02-04T10:56:29 IST" duration-ms="9" status="PASS">
          <reporter-output>
          </reporter-output>
        </test-method> <!-- tearDownClass -->
      </class> <!-- testrunner.Mainflight -->
    </test> <!-- flight registration -->
  </suite> <!-- flight registration -->
</testng-results>
